[2019-06-26 16:57:09.907] DEBUG 134 statementLog - {conn-10001, pstmt-20000} created. select wx_user_id, user_id, app_id, union_id, avatar_url, nick_name, country, province, city 
 from wx_user where is_delete = 0
[2019-06-26 16:57:09.915] DEBUG 134 statementLog - {conn-10001, pstmt-20000} Parameters : []
[2019-06-26 16:57:09.916] DEBUG 134 statementLog - {conn-10001, pstmt-20000} Types : []
[2019-06-26 16:57:09.927] DEBUG 134 statementLog - {conn-10001, pstmt-20000} executed. 12.112585 millis. select wx_user_id, user_id, app_id, union_id, avatar_url, nick_name, country, province, city 
 from wx_user where is_delete = 0
[2019-06-26 16:58:23.938] DEBUG 134 statementLog - {conn-10001, pstmt-20000} created. select wx_user_id, user_id, app_id, union_id, avatar_url, nick_name, country, province, city 
 from wx_user where is_delete = 0
[2019-06-26 16:58:23.946] DEBUG 134 statementLog - {conn-10001, pstmt-20000} Parameters : []
[2019-06-26 16:58:23.946] DEBUG 134 statementLog - {conn-10001, pstmt-20000} Types : []
[2019-06-26 16:58:23.959] DEBUG 134 statementLog - {conn-10001, pstmt-20000} executed. 12.487104 millis. select wx_user_id, user_id, app_id, union_id, avatar_url, nick_name, country, province, city 
 from wx_user where is_delete = 0
[2019-06-26 17:00:08.728] DEBUG 134 statementLog - {conn-10001, pstmt-20001} created. select wx_user_id, user_id, app_id, union_id, avatar_url, nick_name, country, province, city 
 from wx_user where is_delete = 0
[2019-06-26 17:00:08.729] DEBUG 134 statementLog - {conn-10001, pstmt-20001} Parameters : []
[2019-06-26 17:00:08.729] DEBUG 134 statementLog - {conn-10001, pstmt-20001} Types : []
[2019-06-26 17:00:08.736] DEBUG 134 statementLog - {conn-10001, pstmt-20001} executed. 7.009364 millis. select wx_user_id, user_id, app_id, union_id, avatar_url, nick_name, country, province, city 
 from wx_user where is_delete = 0
[2019-06-26 17:32:38.154] DEBUG 137 statementLog - {conn-10005, pstmt-20000} created. select wx_user_id, user_id, app_id, union_id, avatar_url, nick_name, country, province, city 
 from wx_user where is_delete = 0
[2019-06-26 17:32:38.154] DEBUG 134 statementLog - {conn-10005, pstmt-20000} created. select wx_user_id, user_id, app_id, union_id, avatar_url, nick_name, country, province, city 
 from wx_user where is_delete = 0
[2019-06-26 17:32:38.162] DEBUG 134 statementLog - {conn-10005, pstmt-20000} Parameters : []
[2019-06-26 17:32:38.163] DEBUG 134 statementLog - {conn-10005, pstmt-20000} Types : []
[2019-06-26 17:32:38.163] DEBUG 137 statementLog - {conn-10005, pstmt-20000} Parameters : []
[2019-06-26 17:32:38.164] DEBUG 137 statementLog - {conn-10005, pstmt-20000} Types : []
[2019-06-26 17:32:38.176] DEBUG 137 statementLog - {conn-10005, pstmt-20000} executed. 13.980072 millis. select wx_user_id, user_id, app_id, union_id, avatar_url, nick_name, country, province, city 
 from wx_user where is_delete = 0
[2019-06-26 17:32:38.177] DEBUG 134 statementLog - {conn-10005, pstmt-20000} executed. 14.309736 millis. select wx_user_id, user_id, app_id, union_id, avatar_url, nick_name, country, province, city 
 from wx_user where is_delete = 0
[2019-06-26 17:32:38.198] DEBUG 134 statementLog - {conn-10005, pstmt-20000} clearParameters. 
[2019-06-26 17:32:38.199] DEBUG 137 statementLog - {conn-10005, pstmt-20000} clearParameters. 
[2019-06-26 18:01:37.284] DEBUG 137 statementLog - {conn-10005, pstmt-20000} created. SELECT count(0) FROM wx_user WHERE is_delete = 0
[2019-06-26 18:01:37.285] DEBUG 134 statementLog - {conn-10005, pstmt-20000} created. SELECT count(0) FROM wx_user WHERE is_delete = 0
[2019-06-26 18:01:37.293] DEBUG 134 statementLog - {conn-10005, pstmt-20000} Parameters : []
[2019-06-26 18:01:37.293] DEBUG 134 statementLog - {conn-10005, pstmt-20000} Types : []
[2019-06-26 18:01:37.294] DEBUG 137 statementLog - {conn-10005, pstmt-20000} Parameters : []
[2019-06-26 18:01:37.294] DEBUG 137 statementLog - {conn-10005, pstmt-20000} Types : []
[2019-06-26 18:01:37.304] DEBUG 137 statementLog - {conn-10005, pstmt-20000} executed. 11.823401 millis. SELECT count(0) FROM wx_user WHERE is_delete = 0
[2019-06-26 18:01:37.305] DEBUG 134 statementLog - {conn-10005, pstmt-20000} executed. 12.093988 millis. SELECT count(0) FROM wx_user WHERE is_delete = 0
[2019-06-26 18:01:37.316] DEBUG 134 statementLog - {conn-10005, pstmt-20000} clearParameters. 
[2019-06-26 18:01:37.316] DEBUG 137 statementLog - {conn-10005, pstmt-20000} clearParameters. 
[2019-06-26 18:01:37.319] DEBUG 137 statementLog - {conn-10005, pstmt-20001} created. select wx_user_id, user_id, app_id, union_id, avatar_url, nick_name, country, province, city 
 from wx_user where is_delete = 0 LIMIT ? 
[2019-06-26 18:01:37.319] DEBUG 134 statementLog - {conn-10005, pstmt-20001} created. select wx_user_id, user_id, app_id, union_id, avatar_url, nick_name, country, province, city 
 from wx_user where is_delete = 0 LIMIT ? 
[2019-06-26 18:01:37.320] DEBUG 134 statementLog - {conn-10005, pstmt-20001} Parameters : [5]
[2019-06-26 18:01:37.320] DEBUG 134 statementLog - {conn-10005, pstmt-20001} Types : [INTEGER]
[2019-06-26 18:01:37.320] DEBUG 137 statementLog - {conn-10005, pstmt-20001} Parameters : [5]
[2019-06-26 18:01:37.320] DEBUG 137 statementLog - {conn-10005, pstmt-20001} Types : [INTEGER]
[2019-06-26 18:01:37.326] DEBUG 137 statementLog - {conn-10005, pstmt-20001} executed. 6.822287 millis. select wx_user_id, user_id, app_id, union_id, avatar_url, nick_name, country, province, city 
 from wx_user where is_delete = 0 LIMIT ? 
[2019-06-26 18:01:37.327] DEBUG 134 statementLog - {conn-10005, pstmt-20001} executed. 7.114024 millis. select wx_user_id, user_id, app_id, union_id, avatar_url, nick_name, country, province, city 
 from wx_user where is_delete = 0 LIMIT ? 
[2019-06-26 18:01:37.333] DEBUG 134 statementLog - {conn-10005, pstmt-20001} clearParameters. 
[2019-06-26 18:01:37.333] DEBUG 137 statementLog - {conn-10005, pstmt-20001} clearParameters. 
